CRITICAL - 2025-02-05 10:23:11 --> ArgumentCountError: Too few arguments to function App\Controllers\Wonders::detailIndex(), 1 passed in C:\xampp\htdocs\PracticaFinal\CodeIgniterFinal\system\CodeIgniter.php on line 933 and exactly 2 expected
[Method: GET, Route: frontend/wonder/1]
in APPPATH\Controllers\Wonders.php on line 37.
 1 SYSTEMPATH\CodeIgniter.php(933): App\Controllers\Wonders->detailIndex('1')
 2 SYSTEMPATH\CodeIgniter.php(509): CodeIgniter\CodeIgniter->runController(Object(App\Controllers\Wonders))
 3 SYSTEMPATH\CodeIgniter.php(355): CodeIgniter\CodeIgniter->handleRequest(null, Object(Config\Cache), false)
 4 SYSTEMPATH\Boot.php(325): CodeIgniter\CodeIgniter->run()
 5 SYSTEMPATH\Boot.php(67): CodeIgniter\Boot::runCodeIgniter(Object(CodeIgniter\CodeIgniter))
 6 FCPATH\index.php(56): CodeIgniter\Boot::bootWeb(Object(Config\Paths))
CRITICAL - 2025-02-05 11:52:16 --> ArgumentCountError: Too few arguments to function App\Controllers\Wonders::detailIndex(), 1 passed in C:\xampp\htdocs\PracticaFinal\CodeIgniterFinal\system\CodeIgniter.php on line 933 and exactly 2 expected
[Method: GET, Route: frontend/wonder/1]
in APPPATH\Controllers\Wonders.php on line 37.
 1 SYSTEMPATH\CodeIgniter.php(933): App\Controllers\Wonders->detailIndex('1')
 2 SYSTEMPATH\CodeIgniter.php(509): CodeIgniter\CodeIgniter->runController(Object(App\Controllers\Wonders))
 3 SYSTEMPATH\CodeIgniter.php(355): CodeIgniter\CodeIgniter->handleRequest(null, Object(Config\Cache), false)
 4 SYSTEMPATH\Boot.php(325): CodeIgniter\CodeIgniter->run()
 5 SYSTEMPATH\Boot.php(67): CodeIgniter\Boot::runCodeIgniter(Object(CodeIgniter\CodeIgniter))
 6 FCPATH\index.php(56): CodeIgniter\Boot::bootWeb(Object(Config\Paths))
CRITICAL - 2025-02-05 11:54:02 --> ParseError: syntax error, unexpected token ";", expecting "]"
[Method: GET, Route: /]
in APPPATH\Controllers\Wonders.php on line 44.
 1 SYSTEMPATH\Autoloader\Autoloader.php(296): CodeIgniter\Autoloader\Autoloader->includeFile('C:\\xampp\\htdocs\\PracticaFinal\\CodeIgniterFinal\\app\\Controllers\\Wonders.php')
 2 SYSTEMPATH\Autoloader\Autoloader.php(272): CodeIgniter\Autoloader\Autoloader->loadInNamespace('App\\Controllers\\Wonders')
 3 [internal function]: CodeIgniter\Autoloader\Autoloader->loadClass('App\\Controllers\\Wonders')
 4 SYSTEMPATH\CodeIgniter.php(887): class_exists('\\App\\Controllers\\Wonders', true)
 5 SYSTEMPATH\CodeIgniter.php(496): CodeIgniter\CodeIgniter->startController()
 6 SYSTEMPATH\CodeIgniter.php(355): CodeIgniter\CodeIgniter->handleRequest(null, Object(Config\Cache), false)
 7 SYSTEMPATH\Boot.php(325): CodeIgniter\CodeIgniter->run()
 8 SYSTEMPATH\Boot.php(67): CodeIgniter\Boot::runCodeIgniter(Object(CodeIgniter\CodeIgniter))
 9 FCPATH\index.php(56): CodeIgniter\Boot::bootWeb(Object(Config\Paths))
CRITICAL - 2025-02-05 11:54:07 --> ParseError: syntax error, unexpected token ";", expecting "]"
[Method: GET, Route: /]
in APPPATH\Controllers\Wonders.php on line 44.
 1 SYSTEMPATH\Autoloader\Autoloader.php(296): CodeIgniter\Autoloader\Autoloader->includeFile('C:\\xampp\\htdocs\\PracticaFinal\\CodeIgniterFinal\\app\\Controllers\\Wonders.php')
 2 SYSTEMPATH\Autoloader\Autoloader.php(272): CodeIgniter\Autoloader\Autoloader->loadInNamespace('App\\Controllers\\Wonders')
 3 [internal function]: CodeIgniter\Autoloader\Autoloader->loadClass('App\\Controllers\\Wonders')
 4 SYSTEMPATH\CodeIgniter.php(887): class_exists('\\App\\Controllers\\Wonders', true)
 5 SYSTEMPATH\CodeIgniter.php(496): CodeIgniter\CodeIgniter->startController()
 6 SYSTEMPATH\CodeIgniter.php(355): CodeIgniter\CodeIgniter->handleRequest(null, Object(Config\Cache), false)
 7 SYSTEMPATH\Boot.php(325): CodeIgniter\CodeIgniter->run()
 8 SYSTEMPATH\Boot.php(67): CodeIgniter\Boot::runCodeIgniter(Object(CodeIgniter\CodeIgniter))
 9 FCPATH\index.php(56): CodeIgniter\Boot::bootWeb(Object(Config\Paths))
CRITICAL - 2025-02-05 11:54:18 --> ArgumentCountError: Too few arguments to function App\Controllers\Wonders::detailIndex(), 1 passed in C:\xampp\htdocs\PracticaFinal\CodeIgniterFinal\system\CodeIgniter.php on line 933 and exactly 2 expected
[Method: GET, Route: frontend/wonder/1]
in APPPATH\Controllers\Wonders.php on line 37.
 1 SYSTEMPATH\CodeIgniter.php(933): App\Controllers\Wonders->detailIndex('1')
 2 SYSTEMPATH\CodeIgniter.php(509): CodeIgniter\CodeIgniter->runController(Object(App\Controllers\Wonders))
 3 SYSTEMPATH\CodeIgniter.php(355): CodeIgniter\CodeIgniter->handleRequest(null, Object(Config\Cache), false)
 4 SYSTEMPATH\Boot.php(325): CodeIgniter\CodeIgniter->run()
 5 SYSTEMPATH\Boot.php(67): CodeIgniter\Boot::runCodeIgniter(Object(CodeIgniter\CodeIgniter))
 6 FCPATH\index.php(56): CodeIgniter\Boot::bootWeb(Object(Config\Paths))
CRITICAL - 2025-02-05 11:55:37 --> ArgumentCountError: Too few arguments to function App\Controllers\Wonders::detailIndex(), 1 passed in C:\xampp\htdocs\PracticaFinal\CodeIgniterFinal\system\CodeIgniter.php on line 933 and exactly 2 expected
[Method: GET, Route: frontend/wonder/1]
in APPPATH\Controllers\Wonders.php on line 37.
 1 SYSTEMPATH\CodeIgniter.php(933): App\Controllers\Wonders->detailIndex('1')
 2 SYSTEMPATH\CodeIgniter.php(509): CodeIgniter\CodeIgniter->runController(Object(App\Controllers\Wonders))
 3 SYSTEMPATH\CodeIgniter.php(355): CodeIgniter\CodeIgniter->handleRequest(null, Object(Config\Cache), false)
 4 SYSTEMPATH\Boot.php(325): CodeIgniter\CodeIgniter->run()
 5 SYSTEMPATH\Boot.php(67): CodeIgniter\Boot::runCodeIgniter(Object(CodeIgniter\CodeIgniter))
 6 FCPATH\index.php(56): CodeIgniter\Boot::bootWeb(Object(Config\Paths))
CRITICAL - 2025-02-05 11:59:42 --> ArgumentCountError: Too few arguments to function App\Controllers\Wonders::detailIndex(), 1 passed in C:\xampp\htdocs\PracticaFinal\CodeIgniterFinal\system\CodeIgniter.php on line 933 and exactly 2 expected
[Method: GET, Route: frontend/wonder/1]
in APPPATH\Controllers\Wonders.php on line 37.
 1 SYSTEMPATH\CodeIgniter.php(933): App\Controllers\Wonders->detailIndex('1')
 2 SYSTEMPATH\CodeIgniter.php(509): CodeIgniter\CodeIgniter->runController(Object(App\Controllers\Wonders))
 3 SYSTEMPATH\CodeIgniter.php(355): CodeIgniter\CodeIgniter->handleRequest(null, Object(Config\Cache), false)
 4 SYSTEMPATH\Boot.php(325): CodeIgniter\CodeIgniter->run()
 5 SYSTEMPATH\Boot.php(67): CodeIgniter\Boot::runCodeIgniter(Object(CodeIgniter\CodeIgniter))
 6 FCPATH\index.php(56): CodeIgniter\Boot::bootWeb(Object(Config\Paths))
CRITICAL - 2025-02-05 12:04:21 --> TypeError: Cannot access offset of type string on string
[Method: GET, Route: frontend/wonder/1]
in APPPATH\Views\frontend\detail-wonder.php on line 20.
 1 SYSTEMPATH\View\View.php(234): include()
 2 SYSTEMPATH\View\View.php(237): CodeIgniter\View\View->CodeIgniter\View\{closure}()
 3 SYSTEMPATH\Common.php(1171): CodeIgniter\View\View->render('frontend/detail-wonder.php', [], true)
 4 APPPATH\Controllers\Wonders.php(48): view('frontend/detail-wonder.php')
 5 SYSTEMPATH\CodeIgniter.php(933): App\Controllers\Wonders->detailIndex('frontend', '1')
 6 SYSTEMPATH\CodeIgniter.php(509): CodeIgniter\CodeIgniter->runController(Object(App\Controllers\Wonders))
 7 SYSTEMPATH\CodeIgniter.php(355): CodeIgniter\CodeIgniter->handleRequest(null, Object(Config\Cache), false)
 8 SYSTEMPATH\Boot.php(325): CodeIgniter\CodeIgniter->run()
 9 SYSTEMPATH\Boot.php(67): CodeIgniter\Boot::runCodeIgniter(Object(CodeIgniter\CodeIgniter))
10 FCPATH\index.php(56): CodeIgniter\Boot::bootWeb(Object(Config\Paths))
CRITICAL - 2025-02-05 12:05:53 --> TypeError: Cannot access offset of type string on string
[Method: GET, Route: frontend/wonder/1]
in APPPATH\Views\frontend\detail-wonder.php on line 20.
 1 SYSTEMPATH\View\View.php(234): include()
 2 SYSTEMPATH\View\View.php(237): CodeIgniter\View\View->CodeIgniter\View\{closure}()
 3 SYSTEMPATH\Common.php(1171): CodeIgniter\View\View->render('frontend/detail-wonder.php', [], true)
 4 APPPATH\Controllers\Wonders.php(48): view('frontend/detail-wonder.php')
 5 SYSTEMPATH\CodeIgniter.php(933): App\Controllers\Wonders->detailIndex('frontend', '1')
 6 SYSTEMPATH\CodeIgniter.php(509): CodeIgniter\CodeIgniter->runController(Object(App\Controllers\Wonders))
 7 SYSTEMPATH\CodeIgniter.php(355): CodeIgniter\CodeIgniter->handleRequest(null, Object(Config\Cache), false)
 8 SYSTEMPATH\Boot.php(325): CodeIgniter\CodeIgniter->run()
 9 SYSTEMPATH\Boot.php(67): CodeIgniter\Boot::runCodeIgniter(Object(CodeIgniter\CodeIgniter))
10 FCPATH\index.php(56): CodeIgniter\Boot::bootWeb(Object(Config\Paths))
CRITICAL - 2025-02-05 12:07:05 --> ErrorException: Undefined array key "facts_text"
[Method: GET, Route: frontend/wonder/1]
in APPPATH\Views\frontend\detail-wonder.php on line 25.
 1 APPPATH\Views\frontend\detail-wonder.php(25): CodeIgniter\Debug\Exceptions->errorHandler(2, 'Undefined array key "facts_text"', 'C:\\xampp\\htdocs\\PracticaFinal\\CodeIgniterFinal\\app\\Views\\frontend\\detail-wonder.php', 25)
 2 SYSTEMPATH\View\View.php(234): include('C:\\xampp\\htdocs\\PracticaFinal\\CodeIgniterFinal\\app\\Views\\frontend\\detail-wonder.php')
 3 SYSTEMPATH\View\View.php(237): CodeIgniter\View\View->CodeIgniter\View\{closure}()
 4 SYSTEMPATH\Common.php(1171): CodeIgniter\View\View->render('frontend/detail-wonder.php', [], true)
 5 APPPATH\Controllers\Wonders.php(48): view('frontend/detail-wonder.php')
 6 SYSTEMPATH\CodeIgniter.php(933): App\Controllers\Wonders->detailIndex('frontend', '1')
 7 SYSTEMPATH\CodeIgniter.php(509): CodeIgniter\CodeIgniter->runController(Object(App\Controllers\Wonders))
 8 SYSTEMPATH\CodeIgniter.php(355): CodeIgniter\CodeIgniter->handleRequest(null, Object(Config\Cache), false)
 9 SYSTEMPATH\Boot.php(325): CodeIgniter\CodeIgniter->run()
10 SYSTEMPATH\Boot.php(67): CodeIgniter\Boot::runCodeIgniter(Object(CodeIgniter\CodeIgniter))
11 FCPATH\index.php(56): CodeIgniter\Boot::bootWeb(Object(Config\Paths))
CRITICAL - 2025-02-05 12:12:15 --> ErrorException: Undefined array key "image"
[Method: GET, Route: wonder/1]
in APPPATH\Views\frontend\detail-wonder.php on line 20.
 1 APPPATH\Views\frontend\detail-wonder.php(20): CodeIgniter\Debug\Exceptions->errorHandler(2, 'Undefined array key "image"', 'C:\\xampp\\htdocs\\PracticaFinal\\CodeIgniterFinal\\app\\Views\\frontend\\detail-wonder.php', 20)
 2 SYSTEMPATH\View\View.php(234): include('C:\\xampp\\htdocs\\PracticaFinal\\CodeIgniterFinal\\app\\Views\\frontend\\detail-wonder.php')
 3 SYSTEMPATH\View\View.php(237): CodeIgniter\View\View->CodeIgniter\View\{closure}()
 4 SYSTEMPATH\Common.php(1171): CodeIgniter\View\View->render('frontend/detail-wonder.php', [], true)
 5 APPPATH\Controllers\Wonders.php(47): view('frontend/detail-wonder.php')
 6 SYSTEMPATH\CodeIgniter.php(933): App\Controllers\Wonders->detailIndex('frontend', '1')
 7 SYSTEMPATH\CodeIgniter.php(509): CodeIgniter\CodeIgniter->runController(Object(App\Controllers\Wonders))
 8 SYSTEMPATH\CodeIgniter.php(355): CodeIgniter\CodeIgniter->handleRequest(null, Object(Config\Cache), false)
 9 SYSTEMPATH\Boot.php(325): CodeIgniter\CodeIgniter->run()
10 SYSTEMPATH\Boot.php(67): CodeIgniter\Boot::runCodeIgniter(Object(CodeIgniter\CodeIgniter))
11 FCPATH\index.php(56): CodeIgniter\Boot::bootWeb(Object(Config\Paths))
CRITICAL - 2025-02-05 12:17:37 --> ArgumentCountError: Too few arguments to function App\Controllers\Wonders::detailIndex(), 1 passed in C:\xampp\htdocs\PracticaFinal\CodeIgniterFinal\system\CodeIgniter.php on line 933 and exactly 2 expected
[Method: GET, Route: frontend/wonder/1]
in APPPATH\Controllers\Wonders.php on line 37.
 1 SYSTEMPATH\CodeIgniter.php(933): App\Controllers\Wonders->detailIndex('1')
 2 SYSTEMPATH\CodeIgniter.php(509): CodeIgniter\CodeIgniter->runController(Object(App\Controllers\Wonders))
 3 SYSTEMPATH\CodeIgniter.php(355): CodeIgniter\CodeIgniter->handleRequest(null, Object(Config\Cache), false)
 4 SYSTEMPATH\Boot.php(325): CodeIgniter\CodeIgniter->run()
 5 SYSTEMPATH\Boot.php(67): CodeIgniter\Boot::runCodeIgniter(Object(CodeIgniter\CodeIgniter))
 6 FCPATH\index.php(56): CodeIgniter\Boot::bootWeb(Object(Config\Paths))
CRITICAL - 2025-02-05 12:17:47 --> ErrorException: Undefined variable $location
[Method: GET, Route: frontend/wonder/1]
in APPPATH\Controllers\Wonders.php on line 45.
 1 APPPATH\Controllers\Wonders.php(45): CodeIgniter\Debug\Exceptions->errorHandler(2, 'Undefined variable $location', 'C:\\xampp\\htdocs\\PracticaFinal\\CodeIgniterFinal\\app\\Controllers\\Wonders.php', 45)
 2 SYSTEMPATH\CodeIgniter.php(933): App\Controllers\Wonders->detailIndex('1')
 3 SYSTEMPATH\CodeIgniter.php(509): CodeIgniter\CodeIgniter->runController(Object(App\Controllers\Wonders))
 4 SYSTEMPATH\CodeIgniter.php(355): CodeIgniter\CodeIgniter->handleRequest(null, Object(Config\Cache), false)
 5 SYSTEMPATH\Boot.php(325): CodeIgniter\CodeIgniter->run()
 6 SYSTEMPATH\Boot.php(67): CodeIgniter\Boot::runCodeIgniter(Object(CodeIgniter\CodeIgniter))
 7 FCPATH\index.php(56): CodeIgniter\Boot::bootWeb(Object(Config\Paths))
CRITICAL - 2025-02-05 12:28:07 --> ErrorException: Undefined variable $title
[Method: GET, Route: frontend/wonder/1]
in APPPATH\Views\frontend\index.php on line 6.
 1 APPPATH\Views\frontend\index.php(6): CodeIgniter\Debug\Exceptions->errorHandler(2, 'Undefined variable $title', 'C:\\xampp\\htdocs\\PracticaFinal\\CodeIgniterFinal\\app\\Views\\frontend\\index.php', 6)
 2 SYSTEMPATH\View\View.php(234): include('C:\\xampp\\htdocs\\PracticaFinal\\CodeIgniterFinal\\app\\Views\\frontend\\index.php')
 3 SYSTEMPATH\View\View.php(237): CodeIgniter\View\View->CodeIgniter\View\{closure}()
 4 SYSTEMPATH\Common.php(1171): CodeIgniter\View\View->render('frontend/index', [], true)
 5 APPPATH\Controllers\Wonders.php(50): view('frontend/index')
 6 SYSTEMPATH\CodeIgniter.php(933): App\Controllers\Wonders->detailIndex('frontend', '1')
 7 SYSTEMPATH\CodeIgniter.php(509): CodeIgniter\CodeIgniter->runController(Object(App\Controllers\Wonders))
 8 SYSTEMPATH\CodeIgniter.php(355): CodeIgniter\CodeIgniter->handleRequest(null, Object(Config\Cache), false)
 9 SYSTEMPATH\Boot.php(325): CodeIgniter\CodeIgniter->run()
10 SYSTEMPATH\Boot.php(67): CodeIgniter\Boot::runCodeIgniter(Object(CodeIgniter\CodeIgniter))
11 FCPATH\index.php(56): CodeIgniter\Boot::bootWeb(Object(Config\Paths))
CRITICAL - 2025-02-05 12:30:40 --> ErrorException: Undefined variable $title
[Method: GET, Route: frontend/wonder/1]
in APPPATH\Views\frontend\index.php on line 6.
 1 APPPATH\Views\frontend\index.php(6): CodeIgniter\Debug\Exceptions->errorHandler(2, 'Undefined variable $title', 'C:\\xampp\\htdocs\\PracticaFinal\\CodeIgniterFinal\\app\\Views\\frontend\\index.php', 6)
 2 SYSTEMPATH\View\View.php(234): include('C:\\xampp\\htdocs\\PracticaFinal\\CodeIgniterFinal\\app\\Views\\frontend\\index.php')
 3 SYSTEMPATH\View\View.php(237): CodeIgniter\View\View->CodeIgniter\View\{closure}()
 4 SYSTEMPATH\Common.php(1171): CodeIgniter\View\View->render('frontend/index', [], true)
 5 APPPATH\Controllers\Wonders.php(51): view('frontend/index')
 6 SYSTEMPATH\CodeIgniter.php(933): App\Controllers\Wonders->detailIndex('frontend', '1')
 7 SYSTEMPATH\CodeIgniter.php(509): CodeIgniter\CodeIgniter->runController(Object(App\Controllers\Wonders))
 8 SYSTEMPATH\CodeIgniter.php(355): CodeIgniter\CodeIgniter->handleRequest(null, Object(Config\Cache), false)
 9 SYSTEMPATH\Boot.php(325): CodeIgniter\CodeIgniter->run()
10 SYSTEMPATH\Boot.php(67): CodeIgniter\Boot::runCodeIgniter(Object(CodeIgniter\CodeIgniter))
11 FCPATH\index.php(56): CodeIgniter\Boot::bootWeb(Object(Config\Paths))
CRITICAL - 2025-02-05 12:30:43 --> ErrorException: Undefined variable $title
[Method: GET, Route: frontend/wonder/1]
in APPPATH\Views\frontend\index.php on line 6.
 1 APPPATH\Views\frontend\index.php(6): CodeIgniter\Debug\Exceptions->errorHandler(2, 'Undefined variable $title', 'C:\\xampp\\htdocs\\PracticaFinal\\CodeIgniterFinal\\app\\Views\\frontend\\index.php', 6)
 2 SYSTEMPATH\View\View.php(234): include('C:\\xampp\\htdocs\\PracticaFinal\\CodeIgniterFinal\\app\\Views\\frontend\\index.php')
 3 SYSTEMPATH\View\View.php(237): CodeIgniter\View\View->CodeIgniter\View\{closure}()
 4 SYSTEMPATH\Common.php(1171): CodeIgniter\View\View->render('frontend/index', [], true)
 5 APPPATH\Controllers\Wonders.php(51): view('frontend/index')
 6 SYSTEMPATH\CodeIgniter.php(933): App\Controllers\Wonders->detailIndex('frontend', '1')
 7 SYSTEMPATH\CodeIgniter.php(509): CodeIgniter\CodeIgniter->runController(Object(App\Controllers\Wonders))
 8 SYSTEMPATH\CodeIgniter.php(355): CodeIgniter\CodeIgniter->handleRequest(null, Object(Config\Cache), false)
 9 SYSTEMPATH\Boot.php(325): CodeIgniter\CodeIgniter->run()
10 SYSTEMPATH\Boot.php(67): CodeIgniter\Boot::runCodeIgniter(Object(CodeIgniter\CodeIgniter))
11 FCPATH\index.php(56): CodeIgniter\Boot::bootWeb(Object(Config\Paths))
CRITICAL - 2025-02-05 12:31:18 --> ErrorException: Undefined variable $title
[Method: GET, Route: frontend/wonder/2]
in APPPATH\Views\frontend\index.php on line 6.
 1 APPPATH\Views\frontend\index.php(6): CodeIgniter\Debug\Exceptions->errorHandler(2, 'Undefined variable $title', 'C:\\xampp\\htdocs\\PracticaFinal\\CodeIgniterFinal\\app\\Views\\frontend\\index.php', 6)
 2 SYSTEMPATH\View\View.php(234): include('C:\\xampp\\htdocs\\PracticaFinal\\CodeIgniterFinal\\app\\Views\\frontend\\index.php')
 3 SYSTEMPATH\View\View.php(237): CodeIgniter\View\View->CodeIgniter\View\{closure}()
 4 SYSTEMPATH\Common.php(1171): CodeIgniter\View\View->render('frontend/index', [], true)
 5 APPPATH\Controllers\Wonders.php(51): view('frontend/index')
 6 SYSTEMPATH\CodeIgniter.php(933): App\Controllers\Wonders->detailIndex('frontend', '2')
 7 SYSTEMPATH\CodeIgniter.php(509): CodeIgniter\CodeIgniter->runController(Object(App\Controllers\Wonders))
 8 SYSTEMPATH\CodeIgniter.php(355): CodeIgniter\CodeIgniter->handleRequest(null, Object(Config\Cache), false)
 9 SYSTEMPATH\Boot.php(325): CodeIgniter\CodeIgniter->run()
10 SYSTEMPATH\Boot.php(67): CodeIgniter\Boot::runCodeIgniter(Object(CodeIgniter\CodeIgniter))
11 FCPATH\index.php(56): CodeIgniter\Boot::bootWeb(Object(Config\Paths))
CRITICAL - 2025-02-05 12:32:01 --> ErrorException: Undefined variable $title
[Method: GET, Route: frontend/wonder/1]
in APPPATH\Views\frontend\index.php on line 6.
 1 APPPATH\Views\frontend\index.php(6): CodeIgniter\Debug\Exceptions->errorHandler(2, 'Undefined variable $title', 'C:\\xampp\\htdocs\\PracticaFinal\\CodeIgniterFinal\\app\\Views\\frontend\\index.php', 6)
 2 SYSTEMPATH\View\View.php(234): include('C:\\xampp\\htdocs\\PracticaFinal\\CodeIgniterFinal\\app\\Views\\frontend\\index.php')
 3 SYSTEMPATH\View\View.php(237): CodeIgniter\View\View->CodeIgniter\View\{closure}()
 4 SYSTEMPATH\Common.php(1171): CodeIgniter\View\View->render('frontend/index', [], true)
 5 APPPATH\Controllers\Wonders.php(51): view('frontend/index')
 6 SYSTEMPATH\CodeIgniter.php(933): App\Controllers\Wonders->detailIndex('frontend', '1')
 7 SYSTEMPATH\CodeIgniter.php(509): CodeIgniter\CodeIgniter->runController(Object(App\Controllers\Wonders))
 8 SYSTEMPATH\CodeIgniter.php(355): CodeIgniter\CodeIgniter->handleRequest(null, Object(Config\Cache), false)
 9 SYSTEMPATH\Boot.php(325): CodeIgniter\CodeIgniter->run()
10 SYSTEMPATH\Boot.php(67): CodeIgniter\Boot::runCodeIgniter(Object(CodeIgniter\CodeIgniter))
11 FCPATH\index.php(56): CodeIgniter\Boot::bootWeb(Object(Config\Paths))
CRITICAL - 2025-02-05 12:32:37 --> ErrorException: Undefined variable $wonders
[Method: GET, Route: frontend/wonder/1]
in APPPATH\Views\frontend\index.php on line 11.
 1 APPPATH\Views\frontend\index.php(11): CodeIgniter\Debug\Exceptions->errorHandler(2, 'Undefined variable $wonders', 'C:\\xampp\\htdocs\\PracticaFinal\\CodeIgniterFinal\\app\\Views\\frontend\\index.php', 11)
 2 SYSTEMPATH\View\View.php(234): include('C:\\xampp\\htdocs\\PracticaFinal\\CodeIgniterFinal\\app\\Views\\frontend\\index.php')
 3 SYSTEMPATH\View\View.php(237): CodeIgniter\View\View->CodeIgniter\View\{closure}()
 4 SYSTEMPATH\Common.php(1171): CodeIgniter\View\View->render('frontend/index', [], true)
 5 APPPATH\Controllers\Wonders.php(51): view('frontend/index', [...])
 6 SYSTEMPATH\CodeIgniter.php(933): App\Controllers\Wonders->detailIndex('frontend', '1')
 7 SYSTEMPATH\CodeIgniter.php(509): CodeIgniter\CodeIgniter->runController(Object(App\Controllers\Wonders))
 8 SYSTEMPATH\CodeIgniter.php(355): CodeIgniter\CodeIgniter->handleRequest(null, Object(Config\Cache), false)
 9 SYSTEMPATH\Boot.php(325): CodeIgniter\CodeIgniter->run()
10 SYSTEMPATH\Boot.php(67): CodeIgniter\Boot::runCodeIgniter(Object(CodeIgniter\CodeIgniter))
11 FCPATH\index.php(56): CodeIgniter\Boot::bootWeb(Object(Config\Paths))
CRITICAL - 2025-02-05 12:33:18 --> ErrorException: Undefined variable $wonders
[Method: GET, Route: frontend/wonder/2]
in APPPATH\Views\frontend\index.php on line 11.
 1 APPPATH\Views\frontend\index.php(11): CodeIgniter\Debug\Exceptions->errorHandler(2, 'Undefined variable $wonders', 'C:\\xampp\\htdocs\\PracticaFinal\\CodeIgniterFinal\\app\\Views\\frontend\\index.php', 11)
 2 SYSTEMPATH\View\View.php(234): include('C:\\xampp\\htdocs\\PracticaFinal\\CodeIgniterFinal\\app\\Views\\frontend\\index.php')
 3 SYSTEMPATH\View\View.php(237): CodeIgniter\View\View->CodeIgniter\View\{closure}()
 4 SYSTEMPATH\Common.php(1171): CodeIgniter\View\View->render('frontend/index', [], true)
 5 APPPATH\Controllers\Wonders.php(51): view('frontend/index', [...])
 6 SYSTEMPATH\CodeIgniter.php(933): App\Controllers\Wonders->detailIndex('frontend', '2')
 7 SYSTEMPATH\CodeIgniter.php(509): CodeIgniter\CodeIgniter->runController(Object(App\Controllers\Wonders))
 8 SYSTEMPATH\CodeIgniter.php(355): CodeIgniter\CodeIgniter->handleRequest(null, Object(Config\Cache), false)
 9 SYSTEMPATH\Boot.php(325): CodeIgniter\CodeIgniter->run()
10 SYSTEMPATH\Boot.php(67): CodeIgniter\Boot::runCodeIgniter(Object(CodeIgniter\CodeIgniter))
11 FCPATH\index.php(56): CodeIgniter\Boot::bootWeb(Object(Config\Paths))
CRITICAL - 2025-02-05 12:37:17 --> ErrorException: Undefined array key "image"
[Method: GET, Route: frontend/wonder/1]
in APPPATH\Views\frontend\detail-wonder.php on line 19.
 1 APPPATH\Views\frontend\detail-wonder.php(19): CodeIgniter\Debug\Exceptions->errorHandler(2, 'Undefined array key "image"', 'C:\\xampp\\htdocs\\PracticaFinal\\CodeIgniterFinal\\app\\Views\\frontend\\detail-wonder.php', 19)
 2 SYSTEMPATH\View\View.php(234): include('C:\\xampp\\htdocs\\PracticaFinal\\CodeIgniterFinal\\app\\Views\\frontend\\detail-wonder.php')
 3 SYSTEMPATH\View\View.php(237): CodeIgniter\View\View->CodeIgniter\View\{closure}()
 4 SYSTEMPATH\Common.php(1171): CodeIgniter\View\View->render('frontend/detail-wonder.php', [], true)
 5 APPPATH\Controllers\Wonders.php(45): view('frontend/detail-wonder.php')
 6 SYSTEMPATH\CodeIgniter.php(933): App\Controllers\Wonders->detailIndex('1')
 7 SYSTEMPATH\CodeIgniter.php(509): CodeIgniter\CodeIgniter->runController(Object(App\Controllers\Wonders))
 8 SYSTEMPATH\CodeIgniter.php(355): CodeIgniter\CodeIgniter->handleRequest(null, Object(Config\Cache), false)
 9 SYSTEMPATH\Boot.php(325): CodeIgniter\CodeIgniter->run()
10 SYSTEMPATH\Boot.php(67): CodeIgniter\Boot::runCodeIgniter(Object(CodeIgniter\CodeIgniter))
11 FCPATH\index.php(56): CodeIgniter\Boot::bootWeb(Object(Config\Paths))
CRITICAL - 2025-02-05 12:39:07 --> ErrorException: Undefined array key "image"
[Method: GET, Route: frontend/wonder/1]
in APPPATH\Views\frontend\detailwonder.php on line 19.
 1 APPPATH\Views\frontend\detailwonder.php(19): CodeIgniter\Debug\Exceptions->errorHandler(2, 'Undefined array key "image"', 'C:\\xampp\\htdocs\\PracticaFinal\\CodeIgniterFinal\\app\\Views\\frontend\\detailwonder.php', 19)
 2 SYSTEMPATH\View\View.php(234): include('C:\\xampp\\htdocs\\PracticaFinal\\CodeIgniterFinal\\app\\Views\\frontend\\detailwonder.php')
 3 SYSTEMPATH\View\View.php(237): CodeIgniter\View\View->CodeIgniter\View\{closure}()
 4 SYSTEMPATH\Common.php(1171): CodeIgniter\View\View->render('frontend/detailwonder.php', [], true)
 5 APPPATH\Controllers\Wonders.php(45): view('frontend/detailwonder.php')
 6 SYSTEMPATH\CodeIgniter.php(933): App\Controllers\Wonders->detailIndex('1')
 7 SYSTEMPATH\CodeIgniter.php(509): CodeIgniter\CodeIgniter->runController(Object(App\Controllers\Wonders))
 8 SYSTEMPATH\CodeIgniter.php(355): CodeIgniter\CodeIgniter->handleRequest(null, Object(Config\Cache), false)
 9 SYSTEMPATH\Boot.php(325): CodeIgniter\CodeIgniter->run()
10 SYSTEMPATH\Boot.php(67): CodeIgniter\Boot::runCodeIgniter(Object(CodeIgniter\CodeIgniter))
11 FCPATH\index.php(56): CodeIgniter\Boot::bootWeb(Object(Config\Paths))
CRITICAL - 2025-02-05 12:40:22 --> CodeIgniter\View\Exceptions\ViewException: Invalid file: "frontend/detail.php"
[Method: GET, Route: frontend/wonder/1]
in SYSTEMPATH\Exceptions\FrameworkException.php on line 41.
 1 SYSTEMPATH\View\View.php(222): CodeIgniter\Exceptions\FrameworkException::forInvalidFile('frontend/detail.php')
 2 SYSTEMPATH\Common.php(1171): CodeIgniter\View\View->render('frontend/detail', [], true)
 3 APPPATH\Controllers\Wonders.php(45): view('frontend/detail')
 4 SYSTEMPATH\CodeIgniter.php(933): App\Controllers\Wonders->detailIndex('1')
 5 SYSTEMPATH\CodeIgniter.php(509): CodeIgniter\CodeIgniter->runController(Object(App\Controllers\Wonders))
 6 SYSTEMPATH\CodeIgniter.php(355): CodeIgniter\CodeIgniter->handleRequest(null, Object(Config\Cache), false)
 7 SYSTEMPATH\Boot.php(325): CodeIgniter\CodeIgniter->run()
 8 SYSTEMPATH\Boot.php(67): CodeIgniter\Boot::runCodeIgniter(Object(CodeIgniter\CodeIgniter))
 9 FCPATH\index.php(56): CodeIgniter\Boot::bootWeb(Object(Config\Paths))
CRITICAL - 2025-02-05 12:52:07 --> CodeIgniter\View\Exceptions\ViewException: Invalid file: "frontend/detail wonder.php"
[Method: GET, Route: frontend/wonder/5]
in SYSTEMPATH\Exceptions\FrameworkException.php on line 41.
 1 SYSTEMPATH\View\View.php(222): CodeIgniter\Exceptions\FrameworkException::forInvalidFile('frontend/detail wonder.php')
 2 SYSTEMPATH\Common.php(1171): CodeIgniter\View\View->render('frontend/detail wonder', [], true)
 3 APPPATH\Controllers\Wonders.php(45): view('frontend/detail wonder')
 4 SYSTEMPATH\CodeIgniter.php(933): App\Controllers\Wonders->detailIndex('5')
 5 SYSTEMPATH\CodeIgniter.php(509): CodeIgniter\CodeIgniter->runController(Object(App\Controllers\Wonders))
 6 SYSTEMPATH\CodeIgniter.php(355): CodeIgniter\CodeIgniter->handleRequest(null, Object(Config\Cache), false)
 7 SYSTEMPATH\Boot.php(325): CodeIgniter\CodeIgniter->run()
 8 SYSTEMPATH\Boot.php(67): CodeIgniter\Boot::runCodeIgniter(Object(CodeIgniter\CodeIgniter))
 9 FCPATH\index.php(56): CodeIgniter\Boot::bootWeb(Object(Config\Paths))
CRITICAL - 2025-02-05 12:55:06 --> ErrorException: Trying to access array offset on value of type null
[Method: GET, Route: frontend/wonder/7]
in APPPATH\Views\frontend\detailwonder.php on line 19.
 1 APPPATH\Views\frontend\detailwonder.php(19): CodeIgniter\Debug\Exceptions->errorHandler(2, 'Trying to access array offset on value of type null', 'C:\\xampp\\htdocs\\PracticaFinal\\CodeIgniterFinal\\app\\Views\\frontend\\detailwonder.php', 19)
 2 SYSTEMPATH\View\View.php(234): include('C:\\xampp\\htdocs\\PracticaFinal\\CodeIgniterFinal\\app\\Views\\frontend\\detailwonder.php')
 3 SYSTEMPATH\View\View.php(237): CodeIgniter\View\View->CodeIgniter\View\{closure}()
 4 SYSTEMPATH\Common.php(1171): CodeIgniter\View\View->render('frontend/detailwonder', [], true)
 5 APPPATH\Controllers\Wonders.php(45): view('frontend/detailwonder')
 6 SYSTEMPATH\CodeIgniter.php(933): App\Controllers\Wonders->detailIndex('7')
 7 SYSTEMPATH\CodeIgniter.php(509): CodeIgniter\CodeIgniter->runController(Object(App\Controllers\Wonders))
 8 SYSTEMPATH\CodeIgniter.php(355): CodeIgniter\CodeIgniter->handleRequest(null, Object(Config\Cache), false)
 9 SYSTEMPATH\Boot.php(325): CodeIgniter\CodeIgniter->run()
10 SYSTEMPATH\Boot.php(67): CodeIgniter\Boot::runCodeIgniter(Object(CodeIgniter\CodeIgniter))
11 FCPATH\index.php(56): CodeIgniter\Boot::bootWeb(Object(Config\Paths))
ERROR - 2025-02-05 13:01:36 --> mysqli_sql_exception: Unknown column 'id_facts' in 'where clause' in C:\xampp\htdocs\PracticaFinal\CodeIgniterFinal\system\Database\MySQLi\Connection.php:312
Stack trace:
#0 C:\xampp\htdocs\PracticaFinal\CodeIgniterFinal\system\Database\MySQLi\Connection.php(312): mysqli->query('SELECT *\nFROM `...', 0)
#1 C:\xampp\htdocs\PracticaFinal\CodeIgniterFinal\system\Database\BaseConnection.php(734): CodeIgniter\Database\MySQLi\Connection->execute('SELECT *\nFROM `...')
#2 C:\xampp\htdocs\PracticaFinal\CodeIgniterFinal\system\Database\BaseConnection.php(648): CodeIgniter\Database\BaseConnection->simpleQuery('SELECT *\nFROM `...')
#3 C:\xampp\htdocs\PracticaFinal\CodeIgniterFinal\system\Database\BaseBuilder.php(1644): CodeIgniter\Database\BaseConnection->query('SELECT *\nFROM `...', Array, false)
#4 C:\xampp\htdocs\PracticaFinal\CodeIgniterFinal\system\Model.php(330): CodeIgniter\Database\BaseBuilder->get()
#5 C:\xampp\htdocs\PracticaFinal\CodeIgniterFinal\system\BaseModel.php(714): CodeIgniter\Model->doFirst()
#6 C:\xampp\htdocs\PracticaFinal\CodeIgniterFinal\app\Controllers\Wonders.php(46): CodeIgniter\BaseModel->first()
#7 C:\xampp\htdocs\PracticaFinal\CodeIgniterFinal\system\CodeIgniter.php(933): App\Controllers\Wonders->detailIndex('3')
#8 C:\xampp\htdocs\PracticaFinal\CodeIgniterFinal\system\CodeIgniter.php(509): CodeIgniter\CodeIgniter->runController(Object(App\Controllers\Wonders))
#9 C:\xampp\htdocs\PracticaFinal\CodeIgniterFinal\system\CodeIgniter.php(355): CodeIgniter\CodeIgniter->handleRequest(NULL, Object(Config\Cache), false)
#10 C:\xampp\htdocs\PracticaFinal\CodeIgniterFinal\system\Boot.php(325): CodeIgniter\CodeIgniter->run()
#11 C:\xampp\htdocs\PracticaFinal\CodeIgniterFinal\system\Boot.php(67): CodeIgniter\Boot::runCodeIgniter(Object(CodeIgniter\CodeIgniter))
#12 C:\xampp\htdocs\PracticaFinal\CodeIgniterFinal\public\index.php(56): CodeIgniter\Boot::bootWeb(Object(Config\Paths))
#13 {main}
CRITICAL - 2025-02-05 13:01:36 --> CodeIgniter\Database\Exceptions\DatabaseException: Unknown column 'id_facts' in 'where clause'
[Method: GET, Route: frontend/wonder/3]
in SYSTEMPATH\Database\BaseConnection.php on line 688.
 1 SYSTEMPATH\Database\BaseBuilder.php(1644): CodeIgniter\Database\BaseConnection->query('SELECT *
FROM `facts`
WHERE `id_facts` = :id_facts:
 LIMIT 1', [...], false)
 2 SYSTEMPATH\Model.php(330): CodeIgniter\Database\BaseBuilder->get()
 3 SYSTEMPATH\BaseModel.php(714): CodeIgniter\Model->doFirst()
 4 APPPATH\Controllers\Wonders.php(46): CodeIgniter\BaseModel->first()
 5 SYSTEMPATH\CodeIgniter.php(933): App\Controllers\Wonders->detailIndex('3')
 6 SYSTEMPATH\CodeIgniter.php(509): CodeIgniter\CodeIgniter->runController(Object(App\Controllers\Wonders))
 7 SYSTEMPATH\CodeIgniter.php(355): CodeIgniter\CodeIgniter->handleRequest(null, Object(Config\Cache), false)
 8 SYSTEMPATH\Boot.php(325): CodeIgniter\CodeIgniter->run()
 9 SYSTEMPATH\Boot.php(67): CodeIgniter\Boot::runCodeIgniter(Object(CodeIgniter\CodeIgniter))
10 FCPATH\index.php(56): CodeIgniter\Boot::bootWeb(Object(Config\Paths))
CRITICAL - 2025-02-05 13:01:36 --> [Caused by] CodeIgniter\Database\Exceptions\DatabaseException: Unknown column 'id_facts' in 'where clause'
in SYSTEMPATH\Database\MySQLi\Connection.php on line 317.
 1 SYSTEMPATH\Database\BaseConnection.php(734): CodeIgniter\Database\MySQLi\Connection->execute('SELECT *
FROM `facts`
WHERE `id_facts` = \'3\'
 LIMIT 1')
 2 SYSTEMPATH\Database\BaseConnection.php(648): CodeIgniter\Database\BaseConnection->simpleQuery('SELECT *
FROM `facts`
WHERE `id_facts` = \'3\'
 LIMIT 1')
 3 SYSTEMPATH\Database\BaseBuilder.php(1644): CodeIgniter\Database\BaseConnection->query('SELECT *
FROM `facts`
WHERE `id_facts` = :id_facts:
 LIMIT 1', [...], false)
 4 SYSTEMPATH\Model.php(330): CodeIgniter\Database\BaseBuilder->get()
 5 SYSTEMPATH\BaseModel.php(714): CodeIgniter\Model->doFirst()
 6 APPPATH\Controllers\Wonders.php(46): CodeIgniter\BaseModel->first()
 7 SYSTEMPATH\CodeIgniter.php(933): App\Controllers\Wonders->detailIndex('3')
 8 SYSTEMPATH\CodeIgniter.php(509): CodeIgniter\CodeIgniter->runController(Object(App\Controllers\Wonders))
 9 SYSTEMPATH\CodeIgniter.php(355): CodeIgniter\CodeIgniter->handleRequest(null, Object(Config\Cache), false)
10 SYSTEMPATH\Boot.php(325): CodeIgniter\CodeIgniter->run()
11 SYSTEMPATH\Boot.php(67): CodeIgniter\Boot::runCodeIgniter(Object(CodeIgniter\CodeIgniter))
12 FCPATH\index.php(56): CodeIgniter\Boot::bootWeb(Object(Config\Paths))
CRITICAL - 2025-02-05 13:01:36 --> [Caused by] mysqli_sql_exception: Unknown column 'id_facts' in 'where clause'
in SYSTEMPATH\Database\MySQLi\Connection.php on line 312.
 1 SYSTEMPATH\Database\MySQLi\Connection.php(312): mysqli->query('SELECT *
FROM `facts`
WHERE `id_facts` = \'3\'
 LIMIT 1', 0)
 2 SYSTEMPATH\Database\BaseConnection.php(734): CodeIgniter\Database\MySQLi\Connection->execute('SELECT *
FROM `facts`
WHERE `id_facts` = \'3\'
 LIMIT 1')
 3 SYSTEMPATH\Database\BaseConnection.php(648): CodeIgniter\Database\BaseConnection->simpleQuery('SELECT *
FROM `facts`
WHERE `id_facts` = \'3\'
 LIMIT 1')
 4 SYSTEMPATH\Database\BaseBuilder.php(1644): CodeIgniter\Database\BaseConnection->query('SELECT *
FROM `facts`
WHERE `id_facts` = :id_facts:
 LIMIT 1', [...], false)
 5 SYSTEMPATH\Model.php(330): CodeIgniter\Database\BaseBuilder->get()
 6 SYSTEMPATH\BaseModel.php(714): CodeIgniter\Model->doFirst()
 7 APPPATH\Controllers\Wonders.php(46): CodeIgniter\BaseModel->first()
 8 SYSTEMPATH\CodeIgniter.php(933): App\Controllers\Wonders->detailIndex('3')
 9 SYSTEMPATH\CodeIgniter.php(509): CodeIgniter\CodeIgniter->runController(Object(App\Controllers\Wonders))
10 SYSTEMPATH\CodeIgniter.php(355): CodeIgniter\CodeIgniter->handleRequest(null, Object(Config\Cache), false)
11 SYSTEMPATH\Boot.php(325): CodeIgniter\CodeIgniter->run()
12 SYSTEMPATH\Boot.php(67): CodeIgniter\Boot::runCodeIgniter(Object(CodeIgniter\CodeIgniter))
13 FCPATH\index.php(56): CodeIgniter\Boot::bootWeb(Object(Config\Paths))
CRITICAL - 2025-02-05 13:08:17 --> ErrorException: Undefined array key "fact_text"
[Method: GET, Route: frontend/wonder/2]
in APPPATH\Views\frontend\wonder.php on line 24.
 1 APPPATH\Views\frontend\wonder.php(24): CodeIgniter\Debug\Exceptions->errorHandler(2, 'Undefined array key "fact_text"', 'C:\\xampp\\htdocs\\PracticaFinal\\CodeIgniterFinal\\app\\Views\\frontend\\wonder.php', 24)
 2 SYSTEMPATH\View\View.php(234): include('C:\\xampp\\htdocs\\PracticaFinal\\CodeIgniterFinal\\app\\Views\\frontend\\wonder.php')
 3 SYSTEMPATH\View\View.php(237): CodeIgniter\View\View->CodeIgniter\View\{closure}()
 4 SYSTEMPATH\Common.php(1171): CodeIgniter\View\View->render('frontend/wonder', [], true)
 5 APPPATH\Controllers\Wonders.php(48): view('frontend/wonder', [...])
 6 SYSTEMPATH\CodeIgniter.php(933): App\Controllers\Wonders->detailIndex('2')
 7 SYSTEMPATH\CodeIgniter.php(509): CodeIgniter\CodeIgniter->runController(Object(App\Controllers\Wonders))
 8 SYSTEMPATH\CodeIgniter.php(355): CodeIgniter\CodeIgniter->handleRequest(null, Object(Config\Cache), false)
 9 SYSTEMPATH\Boot.php(325): CodeIgniter\CodeIgniter->run()
10 SYSTEMPATH\Boot.php(67): CodeIgniter\Boot::runCodeIgniter(Object(CodeIgniter\CodeIgniter))
11 FCPATH\index.php(56): CodeIgniter\Boot::bootWeb(Object(Config\Paths))
CRITICAL - 2025-02-05 13:08:34 --> ErrorException: Undefined array key "fact_text"
[Method: GET, Route: frontend/wonder/2]
in APPPATH\Views\frontend\wonder.php on line 24.
 1 APPPATH\Views\frontend\wonder.php(24): CodeIgniter\Debug\Exceptions->errorHandler(2, 'Undefined array key "fact_text"', 'C:\\xampp\\htdocs\\PracticaFinal\\CodeIgniterFinal\\app\\Views\\frontend\\wonder.php', 24)
 2 SYSTEMPATH\View\View.php(234): include('C:\\xampp\\htdocs\\PracticaFinal\\CodeIgniterFinal\\app\\Views\\frontend\\wonder.php')
 3 SYSTEMPATH\View\View.php(237): CodeIgniter\View\View->CodeIgniter\View\{closure}()
 4 SYSTEMPATH\Common.php(1171): CodeIgniter\View\View->render('frontend/wonder', [], true)
 5 APPPATH\Controllers\Wonders.php(48): view('frontend/wonder', [...])
 6 SYSTEMPATH\CodeIgniter.php(933): App\Controllers\Wonders->detailIndex('2')
 7 SYSTEMPATH\CodeIgniter.php(509): CodeIgniter\CodeIgniter->runController(Object(App\Controllers\Wonders))
 8 SYSTEMPATH\CodeIgniter.php(355): CodeIgniter\CodeIgniter->handleRequest(null, Object(Config\Cache), false)
 9 SYSTEMPATH\Boot.php(325): CodeIgniter\CodeIgniter->run()
10 SYSTEMPATH\Boot.php(67): CodeIgniter\Boot::runCodeIgniter(Object(CodeIgniter\CodeIgniter))
11 FCPATH\index.php(56): CodeIgniter\Boot::bootWeb(Object(Config\Paths))
CRITICAL - 2025-02-05 13:09:41 --> ErrorException: Undefined array key "fact_text"
[Method: GET, Route: frontend/wonder/2]
in APPPATH\Views\frontend\wonder.php on line 24.
 1 APPPATH\Views\frontend\wonder.php(24): CodeIgniter\Debug\Exceptions->errorHandler(2, 'Undefined array key "fact_text"', 'C:\\xampp\\htdocs\\PracticaFinal\\CodeIgniterFinal\\app\\Views\\frontend\\wonder.php', 24)
 2 SYSTEMPATH\View\View.php(234): include('C:\\xampp\\htdocs\\PracticaFinal\\CodeIgniterFinal\\app\\Views\\frontend\\wonder.php')
 3 SYSTEMPATH\View\View.php(237): CodeIgniter\View\View->CodeIgniter\View\{closure}()
 4 SYSTEMPATH\Common.php(1171): CodeIgniter\View\View->render('frontend/wonder', [], true)
 5 APPPATH\Controllers\Wonders.php(49): view('frontend/wonder', [...])
 6 SYSTEMPATH\CodeIgniter.php(933): App\Controllers\Wonders->detailIndex('2')
 7 SYSTEMPATH\CodeIgniter.php(509): CodeIgniter\CodeIgniter->runController(Object(App\Controllers\Wonders))
 8 SYSTEMPATH\CodeIgniter.php(355): CodeIgniter\CodeIgniter->handleRequest(null, Object(Config\Cache), false)
 9 SYSTEMPATH\Boot.php(325): CodeIgniter\CodeIgniter->run()
10 SYSTEMPATH\Boot.php(67): CodeIgniter\Boot::runCodeIgniter(Object(CodeIgniter\CodeIgniter))
11 FCPATH\index.php(56): CodeIgniter\Boot::bootWeb(Object(Config\Paths))
CRITICAL - 2025-02-05 13:09:42 --> ErrorException: Undefined array key "fact_text"
[Method: GET, Route: frontend/wonder/2]
in APPPATH\Views\frontend\wonder.php on line 24.
 1 APPPATH\Views\frontend\wonder.php(24): CodeIgniter\Debug\Exceptions->errorHandler(2, 'Undefined array key "fact_text"', 'C:\\xampp\\htdocs\\PracticaFinal\\CodeIgniterFinal\\app\\Views\\frontend\\wonder.php', 24)
 2 SYSTEMPATH\View\View.php(234): include('C:\\xampp\\htdocs\\PracticaFinal\\CodeIgniterFinal\\app\\Views\\frontend\\wonder.php')
 3 SYSTEMPATH\View\View.php(237): CodeIgniter\View\View->CodeIgniter\View\{closure}()
 4 SYSTEMPATH\Common.php(1171): CodeIgniter\View\View->render('frontend/wonder', [], true)
 5 APPPATH\Controllers\Wonders.php(49): view('frontend/wonder', [...])
 6 SYSTEMPATH\CodeIgniter.php(933): App\Controllers\Wonders->detailIndex('2')
 7 SYSTEMPATH\CodeIgniter.php(509): CodeIgniter\CodeIgniter->runController(Object(App\Controllers\Wonders))
 8 SYSTEMPATH\CodeIgniter.php(355): CodeIgniter\CodeIgniter->handleRequest(null, Object(Config\Cache), false)
 9 SYSTEMPATH\Boot.php(325): CodeIgniter\CodeIgniter->run()
10 SYSTEMPATH\Boot.php(67): CodeIgniter\Boot::runCodeIgniter(Object(CodeIgniter\CodeIgniter))
11 FCPATH\index.php(56): CodeIgniter\Boot::bootWeb(Object(Config\Paths))
CRITICAL - 2025-02-05 13:09:45 --> ErrorException: Undefined array key "fact_text"
[Method: GET, Route: frontend/wonder/1]
in APPPATH\Views\frontend\wonder.php on line 24.
 1 APPPATH\Views\frontend\wonder.php(24): CodeIgniter\Debug\Exceptions->errorHandler(2, 'Undefined array key "fact_text"', 'C:\\xampp\\htdocs\\PracticaFinal\\CodeIgniterFinal\\app\\Views\\frontend\\wonder.php', 24)
 2 SYSTEMPATH\View\View.php(234): include('C:\\xampp\\htdocs\\PracticaFinal\\CodeIgniterFinal\\app\\Views\\frontend\\wonder.php')
 3 SYSTEMPATH\View\View.php(237): CodeIgniter\View\View->CodeIgniter\View\{closure}()
 4 SYSTEMPATH\Common.php(1171): CodeIgniter\View\View->render('frontend/wonder', [], true)
 5 APPPATH\Controllers\Wonders.php(49): view('frontend/wonder', [...])
 6 SYSTEMPATH\CodeIgniter.php(933): App\Controllers\Wonders->detailIndex('1')
 7 SYSTEMPATH\CodeIgniter.php(509): CodeIgniter\CodeIgniter->runController(Object(App\Controllers\Wonders))
 8 SYSTEMPATH\CodeIgniter.php(355): CodeIgniter\CodeIgniter->handleRequest(null, Object(Config\Cache), false)
 9 SYSTEMPATH\Boot.php(325): CodeIgniter\CodeIgniter->run()
10 SYSTEMPATH\Boot.php(67): CodeIgniter\Boot::runCodeIgniter(Object(CodeIgniter\CodeIgniter))
11 FCPATH\index.php(56): CodeIgniter\Boot::bootWeb(Object(Config\Paths))
CRITICAL - 2025-02-05 13:10:37 --> ErrorException: Undefined array key "fact_text"
[Method: GET, Route: frontend/wonder/1]
in APPPATH\Views\frontend\wonder.php on line 24.
 1 APPPATH\Views\frontend\wonder.php(24): CodeIgniter\Debug\Exceptions->errorHandler(2, 'Undefined array key "fact_text"', 'C:\\xampp\\htdocs\\PracticaFinal\\CodeIgniterFinal\\app\\Views\\frontend\\wonder.php', 24)
 2 SYSTEMPATH\View\View.php(234): include('C:\\xampp\\htdocs\\PracticaFinal\\CodeIgniterFinal\\app\\Views\\frontend\\wonder.php')
 3 SYSTEMPATH\View\View.php(237): CodeIgniter\View\View->CodeIgniter\View\{closure}()
 4 SYSTEMPATH\Common.php(1171): CodeIgniter\View\View->render('frontend/wonder', [], true)
 5 APPPATH\Controllers\Wonders.php(49): view('frontend/wonder', [...])
 6 SYSTEMPATH\CodeIgniter.php(933): App\Controllers\Wonders->detailIndex('1')
 7 SYSTEMPATH\CodeIgniter.php(509): CodeIgniter\CodeIgniter->runController(Object(App\Controllers\Wonders))
 8 SYSTEMPATH\CodeIgniter.php(355): CodeIgniter\CodeIgniter->handleRequest(null, Object(Config\Cache), false)
 9 SYSTEMPATH\Boot.php(325): CodeIgniter\CodeIgniter->run()
10 SYSTEMPATH\Boot.php(67): CodeIgniter\Boot::runCodeIgniter(Object(CodeIgniter\CodeIgniter))
11 FCPATH\index.php(56): CodeIgniter\Boot::bootWeb(Object(Config\Paths))
CRITICAL - 2025-02-05 13:10:44 --> ErrorException: Undefined array key "fact_text"
[Method: GET, Route: frontend/wonder/1]
in APPPATH\Views\frontend\wonder.php on line 24.
 1 APPPATH\Views\frontend\wonder.php(24): CodeIgniter\Debug\Exceptions->errorHandler(2, 'Undefined array key "fact_text"', 'C:\\xampp\\htdocs\\PracticaFinal\\CodeIgniterFinal\\app\\Views\\frontend\\wonder.php', 24)
 2 SYSTEMPATH\View\View.php(234): include('C:\\xampp\\htdocs\\PracticaFinal\\CodeIgniterFinal\\app\\Views\\frontend\\wonder.php')
 3 SYSTEMPATH\View\View.php(237): CodeIgniter\View\View->CodeIgniter\View\{closure}()
 4 SYSTEMPATH\Common.php(1171): CodeIgniter\View\View->render('frontend/wonder', [], true)
 5 APPPATH\Controllers\Wonders.php(49): view('frontend/wonder', [...])
 6 SYSTEMPATH\CodeIgniter.php(933): App\Controllers\Wonders->detailIndex('1')
 7 SYSTEMPATH\CodeIgniter.php(509): CodeIgniter\CodeIgniter->runController(Object(App\Controllers\Wonders))
 8 SYSTEMPATH\CodeIgniter.php(355): CodeIgniter\CodeIgniter->handleRequest(null, Object(Config\Cache), false)
 9 SYSTEMPATH\Boot.php(325): CodeIgniter\CodeIgniter->run()
10 SYSTEMPATH\Boot.php(67): CodeIgniter\Boot::runCodeIgniter(Object(CodeIgniter\CodeIgniter))
11 FCPATH\index.php(56): CodeIgniter\Boot::bootWeb(Object(Config\Paths))
CRITICAL - 2025-02-05 13:23:56 --> ErrorException: Undefined array key "fact_text"
[Method: GET, Route: frontend/wonder/2]
in APPPATH\Views\frontend\wonder.php on line 24.
 1 APPPATH\Views\frontend\wonder.php(24): CodeIgniter\Debug\Exceptions->errorHandler(2, 'Undefined array key "fact_text"', 'C:\\xampp\\htdocs\\PracticaFinal\\CodeIgniterFinal\\app\\Views\\frontend\\wonder.php', 24)
 2 SYSTEMPATH\View\View.php(234): include('C:\\xampp\\htdocs\\PracticaFinal\\CodeIgniterFinal\\app\\Views\\frontend\\wonder.php')
 3 SYSTEMPATH\View\View.php(237): CodeIgniter\View\View->CodeIgniter\View\{closure}()
 4 SYSTEMPATH\Common.php(1171): CodeIgniter\View\View->render('frontend/wonder', [], true)
 5 APPPATH\Controllers\Wonders.php(49): view('frontend/wonder', [...])
 6 SYSTEMPATH\CodeIgniter.php(933): App\Controllers\Wonders->detailIndex('2')
 7 SYSTEMPATH\CodeIgniter.php(509): CodeIgniter\CodeIgniter->runController(Object(App\Controllers\Wonders))
 8 SYSTEMPATH\CodeIgniter.php(355): CodeIgniter\CodeIgniter->handleRequest(null, Object(Config\Cache), false)
 9 SYSTEMPATH\Boot.php(325): CodeIgniter\CodeIgniter->run()
10 SYSTEMPATH\Boot.php(67): CodeIgniter\Boot::runCodeIgniter(Object(CodeIgniter\CodeIgniter))
11 FCPATH\index.php(56): CodeIgniter\Boot::bootWeb(Object(Config\Paths))
